Starting 5 bot(s) with strategy: mixed
Server: ws://localhost:19100

[Bot] Connecting to ws://localhost:19100...
[Bot] Connected!
  [1/5] MinerBot_1 started (DefaultStrategy)
[DefaultStrategy] Joined with ID 304
[Bot] Connecting to ws://localhost:19100...
[Bot] Connected!
  [2/5] MinerBot_2 started (FarmerStrategy)
[Farmer] Joined as 305
[Bot] Connecting to ws://localhost:19100...
[Bot] Connected!
  [3/5] MinerBot_3 started (FarmerStrategy)
[Farmer] Joined as 308
[Bot] Connecting to ws://localhost:19100...
[Bot] Connected!
  [4/5] MinerBot_4 started (FarmerStrategy)
[Farmer] Joined as 311
[Bot] Connecting to ws://localhost:19100...
[Bot] Connected!
  [5/5] MinerBot_5 started (AggressiveStrategy)

All 5 bots running. Press Ctrl+C to stop.

[Aggressive] Joined as 313
[DefaultStrategy] Died! Killer: MinerBot_5, Score: 0
[DefaultStrategy] Joined with ID 618
[Farmer] Killed by MinerBot_5, will collect more carefully
[Farmer] Joined as 771
[Farmer] Killed by MinerBot_5, will collect more carefully
[Farmer] Joined as 864
[Farmer] Killed by MinerBot_5, will collect more carefully
[Farmer] Joined as 1028
[Farmer] Killed by MinerBot_5, will collect more carefully
[Farmer] Joined as 1104
[Farmer] Killed by MinerBot_5, will collect more carefully
[Farmer] Joined as 1798
[Farmer] Killed by MinerBot_1, will collect more carefully
[Farmer] Joined as 2166
[Bot] Disconnected
[Bot] Reconnecting in 3s...
[Bot] Disconnected
[Bot] Reconnecting in 3s...
[Bot] Disconnected
[Bot] Reconnecting in 3s...
[Bot] Disconnected
[Bot] Reconnecting in 3s...
[Bot] Disconnected
[Bot] Reconnecting in 3s...
[Bot] Connecting to ws://localhost:19100...
[Bot] Connecting to ws://localhost:19100...
[Bot] Connecting to ws://localhost:19100...
[Bot] Connecting to ws://localhost:19100...
[Bot] Connecting to ws://localhost:19100...
[Bot] Connected!
[Bot] Connected!
[Bot] Connected!
[Bot] Connected!
[Bot] Connected!
[DefaultStrategy] Joined with ID 304
[Aggressive] Joined as 305
[Farmer] Joined as 306
[Farmer] Joined as 307
[Farmer] Joined as 308
[Farmer] Killed by MinerBot_5, will collect more carefully
[Farmer] Joined as 506
[Farmer] Killed by MinerBot_5, will collect more carefully
[Farmer] Joined as 645
[Farmer] Killed by MinerBot_5, will collect more carefully
[Farmer] Joined as 826
[DefaultStrategy] Died! Killer: MinerBot_5, Score: 10
[DefaultStrategy] Joined with ID 881
[DefaultStrategy] Died! Killer: MinerBot_5, Score: 0
[DefaultStrategy] Joined with ID 1178
[Farmer] Killed by MinerBot_5, will collect more carefully
[Farmer] Joined as 1360
[Farmer] Killed by MinerBot_5, will collect more carefully
[Farmer] Joined as 2743
[Farmer] Killed by MinerBot_5, will collect more carefully
[Farmer] Joined as 2766
[Bot] Disconnected
[Bot] Reconnecting in 3s...
[Bot] Disconnected
[Bot] Reconnecting in 3s...
[Bot] Disconnected
[Bot] Reconnecting in 3s...
[Bot] Disconnected
[Bot] Reconnecting in 3s...
[Bot] Disconnected
[Bot] Reconnecting in 3s...
[Bot] Connecting to ws://localhost:19100...
[Bot] Connecting to ws://localhost:19100...
[Bot] Connecting to ws://localhost:19100...
[Bot] Connecting to ws://localhost:19100...
[Bot] Connecting to ws://localhost:19100...
[Bot] Connected!
[Bot] Connected!
[Bot] Connected!
[Bot] Connected!
[Bot] Connected!
[Farmer] Joined as 304
[Farmer] Joined as 305
[Aggressive] Joined as 306
[Farmer] Joined as 307
[DefaultStrategy] Joined with ID 308
[Farmer] Killed by MinerBot_5, will collect more carefully
[Farmer] Joined as 409
[DefaultStrategy] Died! Killer: MinerBot_5, Score: 16
[DefaultStrategy] Joined with ID 452
[DefaultStrategy] Died! Killer: MinerBot_5, Score: 0
[DefaultStrategy] Joined with ID 500
[Farmer] Killed by MinerBot_5, will collect more carefully
[Farmer] Joined as 504
[Farmer] Killed by MinerBot_5, will collect more carefully
[Farmer] Joined as 539
[Farmer] Killed by MinerBot_5, will collect more carefully
[Farmer] Joined as 540
[Farmer] Killed by MinerBot_5, will collect more carefully
[Farmer] Joined as 541
[DefaultStrategy] Died! Killer: MinerBot_5, Score: 0
[DefaultStrategy] Joined with ID 542
[Farmer] Killed by MinerBot_5, will collect more carefully
[Farmer] Joined as 543
[Farmer] Killed by MinerBot_5, will collect more carefully
[Farmer] Joined as 544
[Farmer] Killed by MinerBot_5, will collect more carefully
[Farmer] Joined as 545
[DefaultStrategy] Died! Killer: MinerBot_5, Score: 0
[DefaultStrategy] Joined with ID 546
[Farmer] Killed by MinerBot_5, will collect more carefully
[Farmer] Joined as 547
[Farmer] Killed by MinerBot_5, will collect more carefully
[Farmer] Joined as 548
[Farmer] Killed by MinerBot_5, will collect more carefully
[Farmer] Joined as 549
[Farmer] Killed by MinerBot_5, will collect more carefully
[Farmer] Joined as 550
[Farmer] Killed by MinerBot_5, will collect more carefully
[Farmer] Joined as 551
[Farmer] Killed by MinerBot_5, will collect more carefully
[Farmer] Joined as 552
[DefaultStrategy] Died! Killer: MinerBot_5, Score: 0
[DefaultStrategy] Joined with ID 553
[Farmer] Killed by MinerBot_5, will collect more carefully
[Farmer] Joined as 554
[Farmer] Killed by MinerBot_5, will collect more carefully
[Farmer] Joined as 555
[Farmer] Killed by MinerBot_5, will collect more carefully
[Farmer] Joined as 556
[Farmer] Killed by MinerBot_5, will collect more carefully
[Farmer] Joined as 557
[Farmer] Killed by MinerBot_5, will collect more carefully
[Farmer] Joined as 558
[Farmer] Killed by MinerBot_5, will collect more carefully
[Farmer] Joined as 559
[Farmer] Killed by MinerBot_5, will collect more carefully
[Farmer] Joined as 560
[Farmer] Killed by MinerBot_5, will collect more carefully
[Farmer] Joined as 561
[Farmer] Killed by MinerBot_5, will collect more carefully
[Farmer] Joined as 562
[Farmer] Killed by MinerBot_5, will collect more carefully
[Farmer] Joined as 563
[Farmer] Killed by MinerBot_5, will collect more carefully
[Farmer] Joined as 564
[Farmer] Killed by MinerBot_5, will collect more carefully
[Farmer] Joined as 565
[Farmer] Killed by MinerBot_5, will collect more carefully
[Farmer] Joined as 566
[Farmer] Killed by MinerBot_5, will collect more carefully
[Farmer] Joined as 567
[Farmer] Killed by MinerBot_5, will collect more carefully
[Farmer] Joined as 568
[Farmer] Killed by MinerBot_5, will collect more carefully
[Farmer] Joined as 569
[Farmer] Killed by MinerBot_5, will collect more carefully
[Farmer] Joined as 570
[Farmer] Killed by MinerBot_5, will collect more carefully
[Farmer] Joined as 571
[DefaultStrategy] Died! Killer: MinerBot_5, Score: 0
[DefaultStrategy] Joined with ID 572
[DefaultStrategy] Died! Killer: MinerBot_5, Score: 0
[DefaultStrategy] Joined with ID 573
[Farmer] Killed by MinerBot_5, will collect more carefully
[Farmer] Joined as 574
[Farmer] Killed by MinerBot_5, will collect more carefully
[Farmer] Joined as 575
[Farmer] Killed by MinerBot_5, will collect more carefully
[Farmer] Joined as 576
[Farmer] Killed by MinerBot_5, will collect more carefully
[Farmer] Joined as 577
[DefaultStrategy] Died! Killer: MinerBot_5, Score: 0
[DefaultStrategy] Joined with ID 578
[Farmer] Killed by MinerBot_5, will collect more carefully
[Farmer] Joined as 579
[Farmer] Killed by MinerBot_5, will collect more carefully
[Farmer] Joined as 580
[Farmer] Killed by MinerBot_5, will collect more carefully
[Farmer] Joined as 581
[Farmer] Killed by MinerBot_5, will collect more carefully
[Farmer] Joined as 582
[DefaultStrategy] Died! Killer: MinerBot_5, Score: 0
[DefaultStrategy] Joined with ID 583
[Farmer] Killed by MinerBot_5, will collect more carefully
[Farmer] Joined as 584
[Farmer] Killed by MinerBot_5, will collect more carefully
[Farmer] Joined as 585
[Farmer] Killed by MinerBot_5, will collect more carefully
[Farmer] Joined as 586
[Farmer] Killed by MinerBot_5, will collect more carefully
[Farmer] Joined as 587
[Farmer] Killed by MinerBot_5, will collect more carefully
[Farmer] Joined as 588
[Farmer] Killed by MinerBot_5, will collect more carefully
[Farmer] Joined as 589
[Farmer] Killed by MinerBot_5, will collect more carefully
[Farmer] Joined as 590
[Farmer] Killed by MinerBot_5, will collect more carefully
[Farmer] Joined as 591
[Farmer] Killed by MinerBot_5, will collect more carefully
[Farmer] Joined as 592
[Farmer] Killed by MinerBot_5, will collect more carefully
[Farmer] Joined as 593
[Farmer] Killed by MinerBot_5, will collect more carefully
[Farmer] Joined as 594
[Farmer] Killed by MinerBot_5, will collect more carefully
[Farmer] Joined as 595
[Farmer] Killed by MinerBot_5, will collect more carefully
[Farmer] Joined as 596
[Farmer] Killed by MinerBot_5, will collect more carefully
[Farmer] Joined as 597
[DefaultStrategy] Died! Killer: MinerBot_5, Score: 0
[DefaultStrategy] Joined with ID 598
[Farmer] Killed by MinerBot_5, will collect more carefully
[Farmer] Joined as 599
[Farmer] Killed by MinerBot_5, will collect more carefully
[Farmer] Joined as 600
[Farmer] Killed by MinerBot_5, will collect more carefully
[Farmer] Joined as 601
[Farmer] Killed by MinerBot_5, will collect more carefully
[Farmer] Joined as 602
[Farmer] Killed by MinerBot_5, will collect more carefully
[Farmer] Joined as 603
[Farmer] Killed by MinerBot_5, will collect more carefully
[Farmer] Joined as 604
[Farmer] Killed by MinerBot_5, will collect more carefully
[Farmer] Joined as 605
[Farmer] Killed by MinerBot_5, will collect more carefully
[Farmer] Joined as 606
[Farmer] Killed by MinerBot_5, will collect more carefully
[Farmer] Joined as 607
[Farmer] Killed by MinerBot_5, will collect more carefully
[Farmer] Joined as 608
[Farmer] Killed by MinerBot_5, will collect more carefully
[Farmer] Joined as 609
[Farmer] Killed by MinerBot_5, will collect more carefully
[Farmer] Joined as 610
[Farmer] Killed by MinerBot_5, will collect more carefully
[Farmer] Joined as 611
[Farmer] Killed by MinerBot_5, will collect more carefully
[Farmer] Joined as 612
[Farmer] Killed by MinerBot_5, will collect more carefully
[Farmer] Joined as 613
[Farmer] Killed by MinerBot_5, will collect more carefully
[Farmer] Joined as 614
[Farmer] Killed by MinerBot_5, will collect more carefully
[Farmer] Joined as 615
[Farmer] Killed by MinerBot_5, will collect more carefully
[Farmer] Joined as 616
[Farmer] Killed by MinerBot_5, will collect more carefully
[Farmer] Joined as 617
[Farmer] Killed by MinerBot_5, will collect more carefully
[Farmer] Joined as 618
[Farmer] Killed by MinerBot_5, will collect more carefully
[Farmer] Joined as 619
[Farmer] Killed by MinerBot_5, will collect more carefully
[Farmer] Joined as 620
[Farmer] Killed by MinerBot_5, will collect more carefully
[Farmer] Joined as 621
[Farmer] Killed by MinerBot_5, will collect more carefully
[Farmer] Joined as 622
[Farmer] Killed by MinerBot_5, will collect more carefully
[Farmer] Joined as 623
[Farmer] Killed by MinerBot_5, will collect more carefully
[Farmer] Joined as 624
[Farmer] Killed by MinerBot_5, will collect more carefully
[Farmer] Joined as 625
[Farmer] Killed by MinerBot_5, will collect more carefully
[Farmer] Joined as 626
[Farmer] Killed by MinerBot_5, will collect more carefully
[Farmer] Joined as 627
[Farmer] Killed by MinerBot_5, will collect more carefully
[Farmer] Joined as 628
[Farmer] Killed by MinerBot_5, will collect more carefully
[Farmer] Joined as 629
[Farmer] Killed by MinerBot_5, will collect more carefully
[Farmer] Joined as 630
[Farmer] Killed by MinerBot_5, will collect more carefully
[Farmer] Joined as 631
[Farmer] Killed by MinerBot_5, will collect more carefully
[Farmer] Joined as 632
[Farmer] Killed by MinerBot_5, will collect more carefully
[Farmer] Joined as 633
[Farmer] Killed by MinerBot_5, will collect more carefully
[Farmer] Joined as 634
[Farmer] Killed by MinerBot_5, will collect more carefully
[Farmer] Joined as 635
[Farmer] Killed by MinerBot_5, will collect more carefully
[Farmer] Joined as 636
[Farmer] Killed by MinerBot_5, will collect more carefully
[Farmer] Joined as 637
[Farmer] Killed by MinerBot_5, will collect more carefully
[Farmer] Joined as 638
[Farmer] Killed by MinerBot_5, will collect more carefully
[Farmer] Joined as 639
[Farmer] Killed by MinerBot_5, will collect more carefully
[Farmer] Joined as 640
[Farmer] Killed by MinerBot_5, will collect more carefully
[Farmer] Joined as 641
[Farmer] Killed by MinerBot_5, will collect more carefully
[Farmer] Joined as 642
[Farmer] Killed by MinerBot_5, will collect more carefully
[Farmer] Joined as 643
[Farmer] Killed by MinerBot_5, will collect more carefully
[Farmer] Joined as 644
[Farmer] Killed by MinerBot_5, will collect more carefully
[Farmer] Joined as 645
[Farmer] Killed by MinerBot_5, will collect more carefully
[Farmer] Joined as 646
[Farmer] Killed by MinerBot_5, will collect more carefully
[Farmer] Joined as 647
[Farmer] Killed by MinerBot_5, will collect more carefully
[Farmer] Joined as 648
[Farmer] Killed by MinerBot_5, will collect more carefully
[Farmer] Joined as 649
[Farmer] Killed by MinerBot_5, will collect more carefully
[Farmer] Joined as 650
[Farmer] Killed by MinerBot_5, will collect more carefully
[Farmer] Joined as 651
[Farmer] Killed by MinerBot_5, will collect more carefully
[Farmer] Joined as 652
[Farmer] Killed by MinerBot_5, will collect more carefully
[Farmer] Joined as 653
[Farmer] Killed by MinerBot_5, will collect more carefully
[Farmer] Joined as 654
[Farmer] Killed by MinerBot_5, will collect more carefully
[Farmer] Joined as 655
[Farmer] Killed by MinerBot_5, will collect more carefully
[Farmer] Joined as 656
[Farmer] Killed by MinerBot_5, will collect more carefully
[Farmer] Joined as 657
[Farmer] Killed by MinerBot_5, will collect more carefully
[Farmer] Joined as 658
[Farmer] Killed by MinerBot_5, will collect more carefully
[Farmer] Joined as 659
[Farmer] Killed by MinerBot_5, will collect more carefully
[Farmer] Joined as 660
[Farmer] Killed by MinerBot_5, will collect more carefully
[Farmer] Joined as 661
[Farmer] Killed by MinerBot_5, will collect more carefully
[Farmer] Joined as 662
[Farmer] Killed by MinerBot_5, will collect more carefully
[Farmer] Joined as 663
[Farmer] Killed by MinerBot_5, will collect more carefully
[Farmer] Joined as 664
[Farmer] Killed by MinerBot_5, will collect more carefully
[Farmer] Joined as 665
[Farmer] Killed by MinerBot_5, will collect more carefully
[Farmer] Joined as 666
[Farmer] Killed by MinerBot_5, will collect more carefully
[Farmer] Joined as 667
[Farmer] Killed by MinerBot_5, will collect more carefully
[Farmer] Joined as 668
[Farmer] Killed by MinerBot_5, will collect more carefully
[Farmer] Joined as 669
[Farmer] Killed by MinerBot_5, will collect more carefully
[Farmer] Joined as 670
[Farmer] Killed by MinerBot_5, will collect more carefully
[Farmer] Joined as 671
[Farmer] Killed by MinerBot_5, will collect more carefully
[Farmer] Joined as 672
[Farmer] Killed by MinerBot_5, will collect more carefully
[Farmer] Joined as 673
[Farmer] Killed by MinerBot_5, will collect more carefully
[Farmer] Joined as 674
[Farmer] Killed by MinerBot_5, will collect more carefully
[Farmer] Joined as 675
[Farmer] Killed by MinerBot_5, will collect more carefully
[Farmer] Joined as 676
[Farmer] Killed by MinerBot_5, will collect more carefully
[Farmer] Joined as 677
[Farmer] Killed by MinerBot_5, will collect more carefully
[Farmer] Joined as 678
[Farmer] Killed by MinerBot_5, will collect more carefully
[Farmer] Joined as 679
[Farmer] Killed by MinerBot_5, will collect more carefully
[Farmer] Joined as 680
[Farmer] Killed by MinerBot_5, will collect more carefully
[Farmer] Joined as 681
[Farmer] Killed by MinerBot_5, will collect more carefully
[Farmer] Joined as 682
[Farmer] Killed by MinerBot_5, will collect more carefully
[Farmer] Joined as 683
[Farmer] Killed by MinerBot_5, will collect more carefully
[Farmer] Joined as 684
[Farmer] Killed by MinerBot_5, will collect more carefully
[Farmer] Joined as 685
[Farmer] Killed by MinerBot_5, will collect more carefully
[Farmer] Joined as 686
[Farmer] Killed by MinerBot_5, will collect more carefully
[Farmer] Joined as 687
[Farmer] Killed by MinerBot_5, will collect more carefully
[Farmer] Joined as 688
[Farmer] Killed by MinerBot_5, will collect more carefully
[Farmer] Joined as 689
[Farmer] Killed by MinerBot_5, will collect more carefully
[Farmer] Joined as 690
[Farmer] Killed by MinerBot_5, will collect more carefully
[Farmer] Joined as 691
[Farmer] Killed by MinerBot_5, will collect more carefully
[Farmer] Joined as 692
[Farmer] Killed by MinerBot_5, will collect more carefully
[Farmer] Joined as 693
[Farmer] Killed by MinerBot_5, will collect more carefully
[Farmer] Joined as 694
[Farmer] Killed by MinerBot_5, will collect more carefully
[Farmer] Joined as 695
[Farmer] Killed by MinerBot_5, will collect more carefully
[Farmer] Joined as 696
[Farmer] Killed by MinerBot_5, will collect more carefully
[Farmer] Joined as 697
[Farmer] Killed by MinerBot_5, will collect more carefully
[Farmer] Joined as 698
[Farmer] Killed by MinerBot_5, will collect more carefully
[Farmer] Joined as 699
[Farmer] Killed by MinerBot_5, will collect more carefully
[Farmer] Joined as 700
[Farmer] Killed by MinerBot_5, will collect more carefully
[Farmer] Joined as 701
[Farmer] Killed by MinerBot_5, will collect more carefully
[Farmer] Joined as 702
[Farmer] Killed by MinerBot_5, will collect more carefully
[Farmer] Joined as 703
[Farmer] Killed by MinerBot_5, will collect more carefully
[Farmer] Joined as 704
[Farmer] Killed by MinerBot_5, will collect more carefully
[Farmer] Joined as 705
[Farmer] Killed by MinerBot_5, will collect more carefully
[Farmer] Joined as 706
[Farmer] Killed by MinerBot_5, will collect more carefully
[Farmer] Joined as 707
[Farmer] Killed by MinerBot_5, will collect more carefully
[Farmer] Joined as 708
[Farmer] Killed by MinerBot_5, will collect more carefully
[Farmer] Joined as 709
[Farmer] Killed by MinerBot_5, will collect more carefully
[Farmer] Joined as 710
[Farmer] Killed by MinerBot_5, will collect more carefully
[Farmer] Joined as 711
[Farmer] Killed by MinerBot_5, will collect more carefully
[Farmer] Joined as 712
[Farmer] Killed by MinerBot_5, will collect more carefully
[Farmer] Joined as 713
[Farmer] Killed by MinerBot_5, will collect more carefully
[Farmer] Joined as 714
[Farmer] Killed by MinerBot_5, will collect more carefully
[Farmer] Joined as 715
[Farmer] Killed by MinerBot_5, will collect more carefully
[Farmer] Joined as 716
[Farmer] Killed by MinerBot_5, will collect more carefully
[Farmer] Joined as 717
[Farmer] Killed by MinerBot_5, will collect more carefully
[Farmer] Joined as 718
[Farmer] Killed by MinerBot_5, will collect more carefully
[Farmer] Joined as 719
[Farmer] Killed by MinerBot_5, will collect more carefully
[Farmer] Joined as 720
[Farmer] Killed by MinerBot_5, will collect more carefully
[Farmer] Joined as 721
[Farmer] Killed by MinerBot_5, will collect more carefully
[Farmer] Joined as 722
[Farmer] Killed by MinerBot_5, will collect more carefully
[Farmer] Joined as 723
[Farmer] Killed by MinerBot_5, will collect more carefully
[Farmer] Joined as 724
[Farmer] Killed by MinerBot_5, will collect more carefully
[Farmer] Joined as 725
[Farmer] Killed by MinerBot_5, will collect more carefully
[Farmer] Joined as 726
[Farmer] Killed by MinerBot_5, will collect more carefully
[Farmer] Joined as 727
[Farmer] Killed by MinerBot_5, will collect more carefully
[Farmer] Joined as 728
[Farmer] Killed by MinerBot_5, will collect more carefully
[Farmer] Joined as 729
[Farmer] Killed by MinerBot_5, will collect more carefully
[Farmer] Joined as 730
[Farmer] Killed by MinerBot_5, will collect more carefully
[Farmer] Joined as 731
[Farmer] Killed by MinerBot_5, will collect more carefully
[Farmer] Joined as 732
[Farmer] Killed by MinerBot_5, will collect more carefully
[Farmer] Joined as 733
[Farmer] Killed by MinerBot_5, will collect more carefully
[Farmer] Joined as 734
[Farmer] Killed by MinerBot_5, will collect more carefully
[Farmer] Joined as 735
[Farmer] Killed by MinerBot_5, will collect more carefully
[Farmer] Joined as 736
[Farmer] Killed by MinerBot_5, will collect more carefully
[Farmer] Joined as 737
[Farmer] Killed by MinerBot_5, will collect more carefully
[Farmer] Joined as 738
[Farmer] Killed by MinerBot_5, will collect more carefully
[Farmer] Joined as 739
[Farmer] Killed by MinerBot_5, will collect more carefully
[Farmer] Joined as 740
[Farmer] Killed by MinerBot_5, will collect more carefully
[Farmer] Joined as 741
[Farmer] Killed by MinerBot_5, will collect more carefully
[Farmer] Joined as 742
[Farmer] Killed by MinerBot_5, will collect more carefully
[Farmer] Joined as 743
[Farmer] Killed by MinerBot_5, will collect more carefully
[Farmer] Joined as 744
[Farmer] Killed by MinerBot_5, will collect more carefully
[Farmer] Joined as 745
[Farmer] Killed by MinerBot_5, will collect more carefully
[Farmer] Joined as 746
[Farmer] Killed by MinerBot_5, will collect more carefully
[Farmer] Joined as 747
[Farmer] Killed by MinerBot_5, will collect more carefully
[Farmer] Joined as 748
[Farmer] Killed by MinerBot_5, will collect more carefully
[Farmer] Joined as 749
[Farmer] Killed by MinerBot_5, will collect more carefully
[Farmer] Joined as 750
[Farmer] Killed by MinerBot_5, will collect more carefully
[Farmer] Joined as 751
[Farmer] Killed by MinerBot_5, will collect more carefully
[Farmer] Joined as 752
[Farmer] Killed by MinerBot_5, will collect more carefully
[Farmer] Joined as 753
[Farmer] Killed by MinerBot_5, will collect more carefully
[Farmer] Joined as 754
[Farmer] Killed by MinerBot_5, will collect more carefully
[Farmer] Joined as 755
[Farmer] Killed by MinerBot_5, will collect more carefully
[Farmer] Joined as 756
[Farmer] Killed by MinerBot_5, will collect more carefully
[Farmer] Joined as 757
[Farmer] Killed by MinerBot_5, will collect more carefully
[Farmer] Joined as 758
[Farmer] Killed by MinerBot_5, will collect more carefully
[Farmer] Joined as 759
[Farmer] Killed by MinerBot_5, will collect more carefully
[Farmer] Joined as 760
[Farmer] Killed by MinerBot_5, will collect more carefully
[Farmer] Joined as 761
[Farmer] Killed by MinerBot_5, will collect more carefully
[Farmer] Joined as 762
[Farmer] Killed by MinerBot_5, will collect more carefully
[Farmer] Joined as 763
[Farmer] Killed by MinerBot_5, will collect more carefully
[Farmer] Joined as 764
[Farmer] Killed by MinerBot_5, will collect more carefully
[Farmer] Joined as 765
[Farmer] Killed by MinerBot_5, will collect more carefully
[Farmer] Joined as 766
[Farmer] Killed by MinerBot_5, will collect more carefully
[Farmer] Joined as 767
[Farmer] Killed by MinerBot_5, will collect more carefully
[Farmer] Joined as 768
[Farmer] Killed by MinerBot_5, will collect more carefully
[Farmer] Joined as 769
[Farmer] Killed by MinerBot_5, will collect more carefully
[Farmer] Joined as 770
[Farmer] Killed by MinerBot_5, will collect more carefully
[Farmer] Joined as 771
[Farmer] Killed by MinerBot_5, will collect more carefully
[Farmer] Joined as 772
[Farmer] Killed by MinerBot_5, will collect more carefully
[Farmer] Joined as 773
[Farmer] Killed by MinerBot_5, will collect more carefully
[Farmer] Joined as 774
[Farmer] Killed by MinerBot_5, will collect more carefully
[Farmer] Joined as 775
[Farmer] Killed by MinerBot_5, will collect more carefully
[Farmer] Joined as 776
[Farmer] Killed by MinerBot_5, will collect more carefully
[Farmer] Joined as 777
[Farmer] Killed by MinerBot_5, will collect more carefully
[Farmer] Joined as 778
[Farmer] Killed by MinerBot_5, will collect more carefully
[Farmer] Joined as 779
[Farmer] Killed by MinerBot_5, will collect more carefully
[Farmer] Joined as 780
[Farmer] Killed by MinerBot_5, will collect more carefully
[Farmer] Joined as 781
[Farmer] Killed by MinerBot_5, will collect more carefully
[Farmer] Joined as 782
[Farmer] Killed by MinerBot_5, will collect more carefully
[Farmer] Joined as 783
[Farmer] Killed by MinerBot_5, will collect more carefully
[Farmer] Joined as 784
[Farmer] Killed by MinerBot_5, will collect more carefully
[Farmer] Joined as 785
[Farmer] Killed by MinerBot_5, will collect more carefully
[Farmer] Joined as 786
[Farmer] Killed by MinerBot_5, will collect more carefully
[Farmer] Joined as 787
[Farmer] Killed by MinerBot_5, will collect more carefully
[Farmer] Joined as 788
[Farmer] Killed by MinerBot_5, will collect more carefully
[Farmer] Joined as 789
[Farmer] Killed by MinerBot_5, will collect more carefully
[Farmer] Joined as 790
[Farmer] Killed by MinerBot_5, will collect more carefully
[Farmer] Joined as 791
[Farmer] Killed by MinerBot_5, will collect more carefully
[Farmer] Joined as 792
[Farmer] Killed by MinerBot_5, will collect more carefully
[Farmer] Joined as 793
[Farmer] Killed by MinerBot_5, will collect more carefully
[Farmer] Joined as 794
[Farmer] Killed by MinerBot_5, will collect more carefully
[Farmer] Joined as 795
[Farmer] Killed by MinerBot_5, will collect more carefully
[Farmer] Joined as 796
[Farmer] Killed by MinerBot_5, will collect more carefully
[Farmer] Joined as 797
[Farmer] Killed by MinerBot_5, will collect more carefully
[Farmer] Joined as 798
[Farmer] Killed by MinerBot_5, will collect more carefully
[Farmer] Joined as 799
[Farmer] Killed by MinerBot_5, will collect more carefully
[Farmer] Joined as 800
[Farmer] Killed by MinerBot_5, will collect more carefully
[Farmer] Joined as 801
[Farmer] Killed by MinerBot_5, will collect more carefully
[Farmer] Joined as 802
[Farmer] Killed by MinerBot_5, will collect more carefully
[Farmer] Joined as 803
[Farmer] Killed by MinerBot_5, will collect more carefully
[Farmer] Joined as 804
[Farmer] Killed by MinerBot_5, will collect more carefully
[Farmer] Joined as 805
[Farmer] Killed by MinerBot_5, will collect more carefully
[Farmer] Joined as 806
[Farmer] Killed by MinerBot_5, will collect more carefully
[Farmer] Joined as 807
[Farmer] Killed by MinerBot_5, will collect more carefully
[Farmer] Joined as 808
[Farmer] Killed by MinerBot_5, will collect more carefully
[Farmer] Joined as 809
[Farmer] Killed by MinerBot_5, will collect more carefully
[Farmer] Joined as 810
[Farmer] Killed by MinerBot_5, will collect more carefully
[Farmer] Joined as 811
[Farmer] Killed by MinerBot_5, will collect more carefully
[Farmer] Joined as 812
[Farmer] Killed by MinerBot_5, will collect more carefully
[Farmer] Joined as 813
[Farmer] Killed by MinerBot_5, will collect more carefully
[Farmer] Joined as 814
[Farmer] Killed by MinerBot_5, will collect more carefully
[Farmer] Joined as 815
[Farmer] Killed by MinerBot_5, will collect more carefully
[Farmer] Joined as 816
[Farmer] Killed by MinerBot_5, will collect more carefully
[Farmer] Joined as 817
[Farmer] Killed by MinerBot_5, will collect more carefully
[Farmer] Joined as 818
[Farmer] Killed by MinerBot_5, will collect more carefully
[Farmer] Joined as 819
[Farmer] Killed by MinerBot_5, will collect more carefully
[Farmer] Joined as 820
[Farmer] Killed by MinerBot_5, will collect more carefully
[Farmer] Joined as 821
[Farmer] Killed by MinerBot_5, will collect more carefully
[Farmer] Joined as 822
[Farmer] Killed by MinerBot_5, will collect more carefully
[Farmer] Joined as 823
[Farmer] Killed by MinerBot_5, will collect more carefully
[Farmer] Joined as 824
[Farmer] Killed by MinerBot_5, will collect more carefully
[Farmer] Joined as 825
[Farmer] Killed by MinerBot_5, will collect more carefully
[Farmer] Joined as 826
[Farmer] Killed by MinerBot_5, will collect more carefully
[Farmer] Joined as 827
[Farmer] Killed by MinerBot_5, will collect more carefully
[Farmer] Joined as 828
[Farmer] Killed by MinerBot_5, will collect more carefully
[Farmer] Joined as 829
[Farmer] Killed by MinerBot_5, will collect more carefully
[Farmer] Joined as 830
[Farmer] Killed by MinerBot_5, will collect more carefully
[Farmer] Joined as 831
[Farmer] Killed by MinerBot_5, will collect more carefully
[Farmer] Joined as 832
[Farmer] Killed by MinerBot_5, will collect more carefully
[Farmer] Joined as 833
[Farmer] Killed by MinerBot_5, will collect more carefully
[Farmer] Joined as 834
[Farmer] Killed by MinerBot_5, will collect more carefully
[Farmer] Joined as 835
[Farmer] Killed by MinerBot_5, will collect more carefully
[Farmer] Joined as 836
[Farmer] Killed by MinerBot_5, will collect more carefully
[Farmer] Joined as 837
[Farmer] Killed by MinerBot_5, will collect more carefully
[Farmer] Joined as 838
[Farmer] Killed by MinerBot_5, will collect more carefully
[Farmer] Joined as 839
[Farmer] Killed by MinerBot_5, will collect more carefully
[Farmer] Joined as 840
[Farmer] Killed by MinerBot_5, will collect more carefully
[Farmer] Joined as 841
[Farmer] Killed by MinerBot_5, will collect more carefully
[Farmer] Joined as 842
[Farmer] Killed by MinerBot_5, will collect more carefully
[Farmer] Joined as 843
[Farmer] Killed by MinerBot_5, will collect more carefully
[Farmer] Joined as 844
[Farmer] Killed by MinerBot_5, will collect more carefully
[Farmer] Joined as 845
[Farmer] Killed by MinerBot_5, will collect more carefully
[Farmer] Joined as 846
[Farmer] Killed by MinerBot_5, will collect more carefully
[Farmer] Joined as 847
[Farmer] Killed by MinerBot_5, will collect more carefully
[Farmer] Joined as 848
[Farmer] Killed by MinerBot_5, will collect more carefully
[Farmer] Joined as 849
[Farmer] Killed by MinerBot_5, will collect more carefully
[Farmer] Joined as 850
[Farmer] Killed by MinerBot_5, will collect more carefully
[Farmer] Joined as 851
[Farmer] Killed by MinerBot_5, will collect more carefully
[Farmer] Joined as 852
[Farmer] Killed by MinerBot_5, will collect more carefully
[Farmer] Joined as 853
[Farmer] Killed by MinerBot_5, will collect more carefully
[Farmer] Joined as 854
[Farmer] Killed by MinerBot_5, will collect more carefully
[Farmer] Joined as 855
[Farmer] Killed by MinerBot_5, will collect more carefully
[Farmer] Joined as 856
[Farmer] Killed by MinerBot_5, will collect more carefully
[Farmer] Joined as 857
[Farmer] Killed by MinerBot_5, will collect more carefully
[Farmer] Joined as 858
[Farmer] Killed by MinerBot_5, will collect more carefully
[Farmer] Joined as 859
[Farmer] Killed by MinerBot_5, will collect more carefully
[Farmer] Joined as 860
[Farmer] Killed by MinerBot_5, will collect more carefully
[Farmer] Joined as 861
[Farmer] Killed by MinerBot_5, will collect more carefully
[Farmer] Joined as 862
[Farmer] Killed by MinerBot_5, will collect more carefully
[Farmer] Joined as 863
[Farmer] Killed by MinerBot_5, will collect more carefully
[Farmer] Joined as 864
[Farmer] Killed by MinerBot_5, will collect more carefully
[Farmer] Joined as 865
[Farmer] Killed by MinerBot_5, will collect more carefully
[Farmer] Joined as 866
[Farmer] Killed by MinerBot_5, will collect more carefully
[Farmer] Joined as 867
[Farmer] Killed by MinerBot_5, will collect more carefully
[Farmer] Joined as 868
[Farmer] Killed by MinerBot_5, will collect more carefully
[Farmer] Joined as 869
[Farmer] Killed by MinerBot_5, will collect more carefully
[Farmer] Joined as 870
[Farmer] Killed by MinerBot_5, will collect more carefully
[Farmer] Joined as 871
[Farmer] Killed by MinerBot_5, will collect more carefully
[Farmer] Joined as 872
[Farmer] Killed by MinerBot_5, will collect more carefully
[Farmer] Joined as 873
[Farmer] Killed by MinerBot_5, will collect more carefully
[Farmer] Joined as 874
[Farmer] Killed by MinerBot_5, will collect more carefully
[Farmer] Joined as 875
[Farmer] Killed by MinerBot_5, will collect more carefully
[Farmer] Joined as 876
[Farmer] Killed by MinerBot_5, will collect more carefully
[Farmer] Joined as 877
[Farmer] Killed by MinerBot_5, will collect more carefully
[Farmer] Joined as 878
[Farmer] Killed by MinerBot_5, will collect more carefully
[Farmer] Joined as 879
[Farmer] Killed by MinerBot_5, will collect more carefully
[Farmer] Joined as 880
[Farmer] Killed by MinerBot_5, will collect more carefully
[Farmer] Joined as 881
[Farmer] Killed by MinerBot_5, will collect more carefully
[Farmer] Joined as 882
[Farmer] Killed by MinerBot_5, will collect more carefully
[Farmer] Joined as 883
[Farmer] Killed by MinerBot_5, will collect more carefully
[Farmer] Joined as 884
[Farmer] Killed by MinerBot_5, will collect more carefully
[Farmer] Joined as 885
[Farmer] Killed by MinerBot_5, will collect more carefully
[Farmer] Joined as 886
[Farmer] Killed by MinerBot_5, will collect more carefully
[Farmer] Joined as 887
[Farmer] Killed by MinerBot_5, will collect more carefully
[Farmer] Joined as 888
[Farmer] Killed by MinerBot_5, will collect more carefully
[Farmer] Joined as 889
[Farmer] Killed by MinerBot_5, will collect more carefully
[Farmer] Joined as 890
[Farmer] Killed by MinerBot_5, will collect more carefully
[Farmer] Joined as 891
[Farmer] Killed by MinerBot_5, will collect more carefully
[Farmer] Joined as 892
[Farmer] Killed by MinerBot_5, will collect more carefully
[Farmer] Joined as 893
[Farmer] Killed by MinerBot_5, will collect more carefully
[Farmer] Joined as 894
[Farmer] Killed by MinerBot_5, will collect more carefully
[Farmer] Joined as 895
[Farmer] Killed by MinerBot_5, will collect more carefully
[Farmer] Joined as 896
[Farmer] Killed by MinerBot_5, will collect more carefully
[Farmer] Joined as 897
[Farmer] Killed by MinerBot_5, will collect more carefully
[Farmer] Joined as 898
[Farmer] Killed by MinerBot_5, will collect more carefully
[Farmer] Joined as 899
[Farmer] Killed by MinerBot_5, will collect more carefully
[Farmer] Joined as 900
[Farmer] Killed by MinerBot_5, will collect more carefully
[Farmer] Joined as 901
[Farmer] Killed by MinerBot_5, will collect more carefully
[Farmer] Joined as 902
[Farmer] Killed by MinerBot_5, will collect more carefully
[Farmer] Joined as 903
[Farmer] Killed by MinerBot_5, will collect more carefully
[Farmer] Joined as 904
[Farmer] Killed by MinerBot_5, will collect more carefully
[Farmer] Joined as 905
[Farmer] Killed by MinerBot_5, will collect more carefully
[Farmer] Joined as 906
[Farmer] Killed by MinerBot_5, will collect more carefully
[Farmer] Joined as 907
[Farmer] Killed by MinerBot_5, will collect more carefully
[Farmer] Joined as 908
[Farmer] Killed by MinerBot_5, will collect more carefully
[Farmer] Joined as 909
[Farmer] Killed by MinerBot_5, will collect more carefully
[Farmer] Joined as 910
[Farmer] Killed by MinerBot_5, will collect more carefully
[Farmer] Joined as 911
[Farmer] Killed by MinerBot_5, will collect more carefully
[Farmer] Joined as 912
[Farmer] Killed by MinerBot_5, will collect more carefully
[Farmer] Joined as 913
[Farmer] Killed by MinerBot_5, will collect more carefully
[Farmer] Joined as 914
[Farmer] Killed by MinerBot_5, will collect more carefully
[Farmer] Joined as 915
[Farmer] Killed by MinerBot_5, will collect more carefully
[Farmer] Joined as 916
[Farmer] Killed by MinerBot_5, will collect more carefully
[Farmer] Joined as 917
[Farmer] Killed by MinerBot_5, will collect more carefully
[Farmer] Joined as 918
[Farmer] Killed by MinerBot_5, will collect more carefully
[Farmer] Joined as 919
[Farmer] Killed by MinerBot_5, will collect more carefully
[Farmer] Joined as 920
[Farmer] Killed by MinerBot_5, will collect more carefully
[Farmer] Joined as 921
[Farmer] Killed by MinerBot_5, will collect more carefully
[Farmer] Joined as 922
[Farmer] Killed by MinerBot_5, will collect more carefully
[Farmer] Joined as 923
[Farmer] Killed by MinerBot_5, will collect more carefully
[Farmer] Joined as 924
[Farmer] Killed by MinerBot_5, will collect more carefully
[Farmer] Joined as 925
[Farmer] Killed by MinerBot_5, will collect more carefully
[Farmer] Joined as 926
[Farmer] Killed by MinerBot_5, will collect more carefully
[Farmer] Joined as 927
[Farmer] Killed by MinerBot_5, will collect more carefully
[Farmer] Joined as 928
[Farmer] Killed by MinerBot_5, will collect more carefully
[Farmer] Joined as 929
[Farmer] Killed by MinerBot_5, will collect more carefully
[Farmer] Joined as 930
[Farmer] Killed by MinerBot_5, will collect more carefully
[Farmer] Joined as 931
[Farmer] Killed by MinerBot_5, will collect more carefully
[Farmer] Joined as 932
[Farmer] Killed by MinerBot_5, will collect more carefully
[Farmer] Joined as 933
[Farmer] Killed by MinerBot_5, will collect more carefully
[Farmer] Joined as 934
[Farmer] Killed by MinerBot_5, will collect more carefully
[Farmer] Joined as 935
[Farmer] Killed by MinerBot_5, will collect more carefully
[Farmer] Joined as 936
[Farmer] Killed by MinerBot_5, will collect more carefully
[Farmer] Joined as 937
[Farmer] Killed by MinerBot_5, will collect more carefully
[Farmer] Joined as 938
[Farmer] Killed by MinerBot_5, will collect more carefully
[Farmer] Joined as 939
[Farmer] Killed by MinerBot_5, will collect more carefully
[Farmer] Joined as 940
[Farmer] Killed by MinerBot_5, will collect more carefully
[Farmer] Joined as 941
[Farmer] Killed by MinerBot_5, will collect more carefully
[Farmer] Joined as 942
[Farmer] Killed by MinerBot_5, will collect more carefully
[Farmer] Joined as 943
[Farmer] Killed by MinerBot_5, will collect more carefully
[Farmer] Joined as 944
[Farmer] Killed by MinerBot_5, will collect more carefully
[Farmer] Joined as 945
[Farmer] Killed by MinerBot_5, will collect more carefully
[Farmer] Joined as 946
[Farmer] Killed by MinerBot_5, will collect more carefully
[Farmer] Joined as 947
[Farmer] Killed by MinerBot_5, will collect more carefully
[Farmer] Joined as 948
[Farmer] Killed by MinerBot_5, will collect more carefully
[Farmer] Joined as 949
[Farmer] Killed by MinerBot_5, will collect more carefully
[Farmer] Joined as 950
[Farmer] Killed by MinerBot_5, will collect more carefully
[Farmer] Joined as 951
[Farmer] Killed by MinerBot_5, will collect more carefully
[Farmer] Joined as 952
[Farmer] Killed by MinerBot_5, will collect more carefully
[Farmer] Joined as 953
[Farmer] Killed by MinerBot_5, will collect more carefully
[Farmer] Joined as 954
[Farmer] Killed by MinerBot_5, will collect more carefully
[Farmer] Joined as 955
[Farmer] Killed by MinerBot_5, will collect more carefully
[Farmer] Joined as 956
[Farmer] Killed by MinerBot_5, will collect more carefully
[Farmer] Joined as 957
[Farmer] Killed by MinerBot_5, will collect more carefully
[Farmer] Joined as 958
[Farmer] Killed by MinerBot_5, will collect more carefully
[Farmer] Joined as 959
[Farmer] Killed by MinerBot_5, will collect more carefully
[Farmer] Joined as 960
[Farmer] Killed by MinerBot_5, will collect more carefully
[Farmer] Joined as 961
[Farmer] Killed by MinerBot_5, will collect more carefully
[Farmer] Joined as 962
[Farmer] Killed by MinerBot_5, will collect more carefully
[Farmer] Joined as 963
[Farmer] Killed by MinerBot_5, will collect more carefully
[Farmer] Joined as 964
[Farmer] Killed by MinerBot_5, will collect more carefully
[Farmer] Joined as 965
[Farmer] Killed by MinerBot_5, will collect more carefully
[Farmer] Joined as 966
[Farmer] Killed by MinerBot_5, will collect more carefully
[Farmer] Joined as 967
[Farmer] Killed by MinerBot_5, will collect more carefully
[Farmer] Joined as 968
[Farmer] Killed by MinerBot_5, will collect more carefully
[Farmer] Joined as 969
[Farmer] Killed by MinerBot_5, will collect more carefully
[Farmer] Joined as 970
[Farmer] Killed by MinerBot_5, will collect more carefully
[Farmer] Joined as 971
[Farmer] Killed by MinerBot_5, will collect more carefully
[Farmer] Joined as 972
[Farmer] Killed by MinerBot_5, will collect more carefully
[Farmer] Joined as 973
[Farmer] Killed by MinerBot_5, will collect more carefully
[Farmer] Joined as 974
[Farmer] Killed by MinerBot_5, will collect more carefully
[Farmer] Joined as 975
[Farmer] Killed by MinerBot_5, will collect more carefully
[Farmer] Joined as 976
[Farmer] Killed by MinerBot_5, will collect more carefully
[Farmer] Joined as 977
[Farmer] Killed by MinerBot_5, will collect more carefully
[Farmer] Joined as 978
[Farmer] Killed by MinerBot_5, will collect more carefully
[Farmer] Joined as 979
[Farmer] Killed by MinerBot_5, will collect more carefully
[Farmer] Joined as 980
[Farmer] Killed by MinerBot_5, will collect more carefully
[Farmer] Joined as 981
[Farmer] Killed by MinerBot_5, will collect more carefully
[Farmer] Joined as 982
[Farmer] Killed by MinerBot_5, will collect more carefully
[Farmer] Joined as 983
[Farmer] Killed by MinerBot_5, will collect more carefully
[Farmer] Joined as 984
[Farmer] Killed by MinerBot_5, will collect more carefully
[Farmer] Joined as 985
[Farmer] Killed by MinerBot_5, will collect more carefully
[Farmer] Joined as 986
[Farmer] Killed by MinerBot_5, will collect more carefully
[Farmer] Joined as 987
[Farmer] Killed by MinerBot_5, will collect more carefully
[Farmer] Joined as 988
[Farmer] Killed by MinerBot_5, will collect more carefully
[Farmer] Joined as 989
[Bot] Disconnected
[Bot] Reconnecting in 3s...
[Bot] Disconnected
[Bot] Reconnecting in 3s...
[Bot] Disconnected
[Bot] Reconnecting in 3s...
[Bot] Disconnected
[Bot] Reconnecting in 3s...
[Bot] Disconnected
[Bot] Reconnecting in 3s...
[Bot] Connecting to ws://localhost:19100...
[Bot] Connecting to ws://localhost:19100...
[Bot] Connecting to ws://localhost:19100...
[Bot] Connecting to ws://localhost:19100...
[Bot] Connecting to ws://localhost:19100...
[Bot] Connected!
[Bot] Connected!
[Bot] Connected!
[Bot] Connected!
[Bot] Connected!
[Farmer] Joined as 304
[DefaultStrategy] Joined with ID 305
[Farmer] Joined as 306
[Farmer] Joined as 307
[Aggressive] Joined as 308
[Bot] Disconnected
[Bot] Reconnecting in 3s...
[Bot] Disconnected
[Bot] Reconnecting in 3s...
[Bot] Disconnected
[Bot] Reconnecting in 3s...
[Bot] Disconnected
[Bot] Reconnecting in 3s...
[Bot] Disconnected
[Bot] Reconnecting in 3s...
[Bot] Connecting to ws://localhost:19100...
[Bot] Connecting to ws://localhost:19100...
[Bot] Connecting to ws://localhost:19100...
[Bot] Connecting to ws://localhost:19100...
[Bot] Connecting to ws://localhost:19100...
[Bot] Connected!
[Bot] Connected!
[Bot] Connected!
[Bot] Connected!
[Bot] Connected!
[DefaultStrategy] Joined with ID 304
[Farmer] Joined as 305
[Aggressive] Joined as 306
[Farmer] Joined as 307
[Farmer] Joined as 308
[DefaultStrategy] Died! Killer: MinerBot_5, Score: 0
[DefaultStrategy] Joined with ID 553
[DefaultStrategy] Died! Killer: MinerBot_5, Score: 13
[DefaultStrategy] Joined with ID 1272
[Farmer] Killed by MinerBot_5, will collect more carefully
[Farmer] Joined as 1435
[DefaultStrategy] Died! Killer: MinerBot_5, Score: 74
[DefaultStrategy] Joined with ID 1754
